INFO 2022-01-07 22:36:45,406 Watching for file changes with StatReloader
INFO 2022-01-07 22:36:51,220 "GET / HTTP/1.1" 302 0
INFO 2022-01-07 22:36:51,268 "GET /accounts/login/?next=/ HTTP/1.1" 200 3981
INFO 2022-01-07 22:36:51,300 "GET /static/plugins/fontawesome-free/css/all.min.css HTTP/1.1" 200 58582
INFO 2022-01-07 22:36:51,301 "GET /static/plugins/toastr/toastr.min.css HTTP/1.1" 200 6454
INFO 2022-01-07 22:36:51,307 "GET /static/dist/img/login.png HTTP/1.1" 200 144918
INFO 2022-01-07 22:36:51,311 "GET /static/dist/css/login-page.css HTTP/1.1" 200 9064
INFO 2022-01-07 22:36:51,313 "GET /static/plugins/overlayScrollbars/css/OverlayScrollbars.min.css HTTP/1.1" 200 19736
INFO 2022-01-07 22:36:51,320 "GET /static/dist/css/adminlte.min.css HTTP/1.1" 200 686718
INFO 2022-01-07 22:36:51,325 "GET /static/dist/js/jquery.formset.js HTTP/1.1" 200 13881
INFO 2022-01-07 22:36:51,341 "GET /static/plugins/toastr/toastr.min.js HTTP/1.1" 200 5253
INFO 2022-01-07 22:36:51,342 "GET /static/dist/js/demo.js HTTP/1.1" 200 13042
INFO 2022-01-07 22:36:51,348 "GET /static/dist/js/adminlte.js HTTP/1.1" 200 59416
INFO 2022-01-07 22:36:51,353 "GET /static/plugins/overlayScrollbars/js/jquery.overlayScrollbars.min.js HTTP/1.1" 200 42395
INFO 2022-01-07 22:36:51,355 "GET /static/plugins/jquery/jquery.min.js HTTP/1.1" 200 88147
INFO 2022-01-07 22:36:51,359 "GET /static/plugins/bootstrap/js/bootstrap.bundle.min.js HTTP/1.1" 200 80704
WARNING 2022-01-07 22:36:51,412 Not Found: /favicon.ico
WARNING 2022-01-07 22:36:51,412 "GET /favicon.ico HTTP/1.1" 404 6202
INFO 2022-01-07 22:36:51,909 "GET /accounts/login/?next=/ HTTP/1.1" 200 3981
INFO 2022-01-07 22:36:52,274 "GET /static/plugins/fontawesome-free/webfonts/fa-solid-900.woff2 HTTP/1.1" 200 79444
INFO 2022-01-07 22:36:56,990 "POST /accounts/login/ HTTP/1.1" 302 0
INFO 2022-01-07 22:36:57,139 "GET / HTTP/1.1" 200 9290
INFO 2022-01-07 22:36:57,174 "GET /static/plugins/Datatables/datatables.min.css HTTP/1.1" 200 25807
INFO 2022-01-07 22:36:57,258 "GET /static/plugins/fontawesome-free/webfonts/fa-regular-400.woff2 HTTP/1.1" 200 13584
INFO 2022-01-07 22:36:57,424 "GET /static/plugins/Datatables/datatables.min.js HTTP/1.1" 200 2042927
INFO 2022-01-07 22:37:33,523 "GET /site-config HTTP/1.1" 200 10862
INFO 2022-01-07 22:37:33,559 "GET /static/plugins/fontawesome-free/css/all.min.css HTTP/1.1" 304 0
INFO 2022-01-07 22:37:33,560 "GET /static/plugins/toastr/toastr.min.css HTTP/1.1" 304 0
INFO 2022-01-07 22:37:33,565 "GET /static/plugins/jquery/jquery.min.js HTTP/1.1" 304 0
INFO 2022-01-07 22:37:33,565 "GET /static/dist/js/jquery.formset.js HTTP/1.1" 304 0
INFO 2022-01-07 22:37:33,565 "GET /static/plugins/bootstrap/js/bootstrap.bundle.min.js HTTP/1.1" 304 0
INFO 2022-01-07 22:37:33,566 "GET /static/plugins/Datatables/datatables.min.css HTTP/1.1" 304 0
INFO 2022-01-07 22:37:33,566 "GET /static/dist/css/adminlte.min.css HTTP/1.1" 304 0
INFO 2022-01-07 22:37:33,566 "GET /static/plugins/overlayScrollbars/css/OverlayScrollbars.min.css HTTP/1.1" 304 0
INFO 2022-01-07 22:37:33,571 "GET /static/plugins/toastr/toastr.min.js HTTP/1.1" 304 0
INFO 2022-01-07 22:37:33,572 "GET /static/dist/js/demo.js HTTP/1.1" 304 0
INFO 2022-01-07 22:37:33,572 "GET /static/plugins/Datatables/datatables.min.js HTTP/1.1" 304 0
INFO 2022-01-07 22:37:33,572 "GET /static/dist/js/adminlte.js HTTP/1.1" 304 0
INFO 2022-01-07 22:37:33,572 "GET /static/plugins/overlayScrollbars/js/jquery.overlayScrollbars.min.js HTTP/1.1" 304 0
INFO 2022-01-07 22:38:55,851 "POST /site-config HTTP/1.1" 200 10914
INFO 2022-01-07 22:38:55,884 "GET /static/plugins/fontawesome-free/css/all.min.css HTTP/1.1" 304 0
INFO 2022-01-07 22:38:55,893 "GET /static/dist/js/jquery.formset.js HTTP/1.1" 304 0
INFO 2022-01-07 22:38:55,894 "GET /static/plugins/overlayScrollbars/css/OverlayScrollbars.min.css HTTP/1.1" 304 0
INFO 2022-01-07 22:38:55,895 "GET /static/plugins/jquery/jquery.min.js HTTP/1.1" 304 0
INFO 2022-01-07 22:38:55,895 "GET /static/plugins/Datatables/datatables.min.css HTTP/1.1" 304 0
INFO 2022-01-07 22:38:55,896 "GET /static/plugins/toastr/toastr.min.css HTTP/1.1" 304 0
INFO 2022-01-07 22:38:55,896 "GET /static/dist/css/adminlte.min.css HTTP/1.1" 304 0
INFO 2022-01-07 22:38:55,896 "GET /static/plugins/bootstrap/js/bootstrap.bundle.min.js HTTP/1.1" 304 0
INFO 2022-01-07 22:38:55,899 "GET /static/plugins/toastr/toastr.min.js HTTP/1.1" 304 0
INFO 2022-01-07 22:38:55,900 "GET /static/plugins/overlayScrollbars/js/jquery.overlayScrollbars.min.js HTTP/1.1" 304 0
INFO 2022-01-07 22:38:55,900 "GET /static/dist/js/adminlte.js HTTP/1.1" 304 0
INFO 2022-01-07 22:38:55,901 "GET /static/dist/js/demo.js HTTP/1.1" 304 0
INFO 2022-01-07 22:38:55,901 "GET /static/plugins/Datatables/datatables.min.js HTTP/1.1" 304 0
INFO 2022-01-07 22:38:55,968 "GET /static/plugins/fontawesome-free/webfonts/fa-regular-400.woff2 HTTP/1.1" 304 0
INFO 2022-01-07 22:38:55,968 "GET /static/plugins/fontawesome-free/webfonts/fa-solid-900.woff2 HTTP/1.1" 304 0
INFO 2022-01-07 22:39:00,000 "GET /session/list/ HTTP/1.1" 200 11598
INFO 2022-01-07 22:39:05,317 "GET /session/list/ HTTP/1.1" 200 11598
INFO 2022-01-07 22:39:08,025 "GET /term/list/ HTTP/1.1" 200 12231
INFO 2022-01-07 22:39:17,460 "GET /class/list/ HTTP/1.1" 200 11410
INFO 2022-01-07 22:39:21,176 "GET /result/create/ HTTP/1.1" 200 10386
INFO 2022-01-07 22:39:22,784 "GET /result/edit-results/ HTTP/1.1" 200 10104
INFO 2022-01-07 22:39:24,143 "GET /result/view/all HTTP/1.1" 200 8834
INFO 2022-01-07 22:39:25,534 "GET /result/create/ HTTP/1.1" 200 10386
INFO 2022-01-07 22:39:27,159 "POST /result/create/ HTTP/1.1" 200 10530
INFO 2022-01-07 22:39:31,185 "GET /student/list HTTP/1.1" 200 9946
INFO 2022-01-07 22:39:34,601 "GET /staff/list/ HTTP/1.1" 200 9687
INFO 2022-01-07 22:39:37,434 "GET /student/list HTTP/1.1" 200 9946
INFO 2022-01-07 22:39:40,527 "GET /site-config HTTP/1.1" 200 10862
INFO 2022-01-07 22:39:40,556 "GET /static/plugins/fontawesome-free/css/all.min.css HTTP/1.1" 304 0
INFO 2022-01-07 22:39:40,562 "GET /static/plugins/overlayScrollbars/css/OverlayScrollbars.min.css HTTP/1.1" 304 0
INFO 2022-01-07 22:39:40,563 "GET /static/plugins/toastr/toastr.min.css HTTP/1.1" 304 0
INFO 2022-01-07 22:39:40,567 "GET /static/plugins/Datatables/datatables.min.css HTTP/1.1" 304 0
INFO 2022-01-07 22:39:40,569 "GET /static/dist/css/adminlte.min.css HTTP/1.1" 304 0
INFO 2022-01-07 22:39:40,570 "GET /static/plugins/bootstrap/js/bootstrap.bundle.min.js HTTP/1.1" 304 0
INFO 2022-01-07 22:39:40,570 "GET /static/plugins/toastr/toastr.min.js HTTP/1.1" 304 0
INFO 2022-01-07 22:39:40,570 "GET /static/plugins/jquery/jquery.min.js HTTP/1.1" 304 0
INFO 2022-01-07 22:39:40,571 "GET /static/plugins/overlayScrollbars/js/jquery.overlayScrollbars.min.js HTTP/1.1" 304 0
INFO 2022-01-07 22:39:40,572 "GET /static/dist/js/jquery.formset.js HTTP/1.1" 304 0
INFO 2022-01-07 22:39:40,573 "GET /static/dist/js/adminlte.js HTTP/1.1" 304 0
INFO 2022-01-07 22:39:40,573 "GET /static/dist/js/demo.js HTTP/1.1" 304 0
INFO 2022-01-07 22:39:40,574 "GET /static/plugins/Datatables/datatables.min.js HTTP/1.1" 304 0
INFO 2022-01-07 22:39:58,385 "POST /site-config HTTP/1.1" 200 10884
INFO 2022-01-07 22:40:01,819 "POST /site-config HTTP/1.1" 200 10883
INFO 2022-01-07 22:40:03,260 "POST /site-config HTTP/1.1" 200 10883
INFO 2022-01-07 22:40:04,944 "GET / HTTP/1.1" 200 9290
INFO 2022-01-07 22:40:06,827 "GET /site-config HTTP/1.1" 200 10862
WARNING 2022-01-07 22:44:11,699 The request's session was deleted before the request completed. The user may have logged out in a concurrent request, for example.: /site-config
Traceback (most recent call last):
  File "C:\Users\msi\AppData\Roaming\Python\Python38\site-packages\django\db\backends\utils.py", line 84, in _execute
    return self.cursor.execute(sql, params)
  File "C:\Users\msi\AppData\Roaming\Python\Python38\site-packages\django\db\backends\sqlite3\base.py", line 423, in execute
    return Database.Cursor.execute(self, query, params)
sqlite3.OperationalError: database is locked

The above exception was the direct cause of the following exception:

Traceback (most recent call last):
  File "C:\Users\msi\AppData\Roaming\Python\Python38\site-packages\django\contrib\sessions\backends\db.py", line 87, in save
    obj.save(force_insert=must_create, force_update=not must_create, using=using)
  File "C:\Users\msi\AppData\Roaming\Python\Python38\site-packages\django\db\models\base.py", line 726, in save
    self.save_base(using=using, force_insert=force_insert,
  File "C:\Users\msi\AppData\Roaming\Python\Python38\site-packages\django\db\models\base.py", line 763, in save_base
    updated = self._save_table(
  File "C:\Users\msi\AppData\Roaming\Python\Python38\site-packages\django\db\models\base.py", line 845, in _save_table
    updated = self._do_update(base_qs, using, pk_val, values, update_fields,
  File "C:\Users\msi\AppData\Roaming\Python\Python38\site-packages\django\db\models\base.py", line 899, in _do_update
    return filtered._update(values) > 0
  File "C:\Users\msi\AppData\Roaming\Python\Python38\site-packages\django\db\models\query.py", line 802, in _update
    return query.get_compiler(self.db).execute_sql(CURSOR)
  File "C:\Users\msi\AppData\Roaming\Python\Python38\site-packages\django\db\models\sql\compiler.py", line 1559, in execute_sql
    cursor = super().execute_sql(result_type)
  File "C:\Users\msi\AppData\Roaming\Python\Python38\site-packages\django\db\models\sql\compiler.py", line 1175, in execute_sql
    cursor.execute(sql, params)
  File "C:\Users\msi\AppData\Roaming\Python\Python38\site-packages\django\db\backends\utils.py", line 98, in execute
    return super().execute(sql, params)
  File "C:\Users\msi\AppData\Roaming\Python\Python38\site-packages\django\db\backends\utils.py", line 66, in execute
    return self._execute_with_wrappers(sql, params, many=False, executor=self._execute)
  File "C:\Users\msi\AppData\Roaming\Python\Python38\site-packages\django\db\backends\utils.py", line 75, in _execute_with_wrappers
    return executor(sql, params, many, context)
  File "C:\Users\msi\AppData\Roaming\Python\Python38\site-packages\django\db\backends\utils.py", line 84, in _execute
    return self.cursor.execute(sql, params)
  File "C:\Users\msi\AppData\Roaming\Python\Python38\site-packages\django\db\utils.py", line 90, in __exit__
    raise dj_exc_value.with_traceback(traceback) from exc_value
  File "C:\Users\msi\AppData\Roaming\Python\Python38\site-packages\django\db\backends\utils.py", line 84, in _execute
    return self.cursor.execute(sql, params)
  File "C:\Users\msi\AppData\Roaming\Python\Python38\site-packages\django\db\backends\sqlite3\base.py", line 423, in execute
    return Database.Cursor.execute(self, query, params)
django.db.utils.OperationalError: database is locked

During handling of the above exception, another exception occurred:

Traceback (most recent call last):
  File "C:\Users\msi\AppData\Roaming\Python\Python38\site-packages\django\contrib\sessions\middleware.py", line 61, in process_response
    request.session.save()
  File "C:\Users\msi\AppData\Roaming\Python\Python38\site-packages\django\contrib\sessions\backends\db.py", line 94, in save
    raise UpdateError
django.contrib.sessions.backends.base.UpdateError

During handling of the above exception, another exception occurred:

Traceback (most recent call last):
  File "C:\Users\msi\AppData\Roaming\Python\Python38\site-packages\django\core\handlers\exception.py", line 47, in inner
    response = get_response(request)
  File "C:\Users\msi\AppData\Roaming\Python\Python38\site-packages\django\utils\deprecation.py", line 119, in __call__
    response = self.process_response(request, response)
  File "C:\Users\msi\AppData\Roaming\Python\Python38\site-packages\django\contrib\sessions\middleware.py", line 63, in process_response
    raise SessionInterrupted(
django.contrib.sessions.exceptions.SessionInterrupted: The request's session was deleted before the request completed. The user may have logged out in a concurrent request, for example.
WARNING 2022-01-07 22:44:11,702 "GET /site-config HTTP/1.1" 400 170832
WARNING 2022-01-07 22:44:32,213 The request's session was deleted before the request completed. The user may have logged out in a concurrent request, for example.: /
Traceback (most recent call last):
  File "C:\Users\msi\AppData\Roaming\Python\Python38\site-packages\django\db\backends\utils.py", line 84, in _execute
    return self.cursor.execute(sql, params)
  File "C:\Users\msi\AppData\Roaming\Python\Python38\site-packages\django\db\backends\sqlite3\base.py", line 423, in execute
    return Database.Cursor.execute(self, query, params)
sqlite3.OperationalError: database is locked

The above exception was the direct cause of the following exception:

Traceback (most recent call last):
  File "C:\Users\msi\AppData\Roaming\Python\Python38\site-packages\django\contrib\sessions\backends\db.py", line 87, in save
    obj.save(force_insert=must_create, force_update=not must_create, using=using)
  File "C:\Users\msi\AppData\Roaming\Python\Python38\site-packages\django\db\models\base.py", line 726, in save
    self.save_base(using=using, force_insert=force_insert,
  File "C:\Users\msi\AppData\Roaming\Python\Python38\site-packages\django\db\models\base.py", line 763, in save_base
    updated = self._save_table(
  File "C:\Users\msi\AppData\Roaming\Python\Python38\site-packages\django\db\models\base.py", line 845, in _save_table
    updated = self._do_update(base_qs, using, pk_val, values, update_fields,
  File "C:\Users\msi\AppData\Roaming\Python\Python38\site-packages\django\db\models\base.py", line 899, in _do_update
    return filtered._update(values) > 0
  File "C:\Users\msi\AppData\Roaming\Python\Python38\site-packages\django\db\models\query.py", line 802, in _update
    return query.get_compiler(self.db).execute_sql(CURSOR)
  File "C:\Users\msi\AppData\Roaming\Python\Python38\site-packages\django\db\models\sql\compiler.py", line 1559, in execute_sql
    cursor = super().execute_sql(result_type)
  File "C:\Users\msi\AppData\Roaming\Python\Python38\site-packages\django\db\models\sql\compiler.py", line 1175, in execute_sql
    cursor.execute(sql, params)
  File "C:\Users\msi\AppData\Roaming\Python\Python38\site-packages\django\db\backends\utils.py", line 98, in execute
    return super().execute(sql, params)
  File "C:\Users\msi\AppData\Roaming\Python\Python38\site-packages\django\db\backends\utils.py", line 66, in execute
    return self._execute_with_wrappers(sql, params, many=False, executor=self._execute)
  File "C:\Users\msi\AppData\Roaming\Python\Python38\site-packages\django\db\backends\utils.py", line 75, in _execute_with_wrappers
    return executor(sql, params, many, context)
  File "C:\Users\msi\AppData\Roaming\Python\Python38\site-packages\django\db\backends\utils.py", line 84, in _execute
    return self.cursor.execute(sql, params)
  File "C:\Users\msi\AppData\Roaming\Python\Python38\site-packages\django\db\utils.py", line 90, in __exit__
    raise dj_exc_value.with_traceback(traceback) from exc_value
  File "C:\Users\msi\AppData\Roaming\Python\Python38\site-packages\django\db\backends\utils.py", line 84, in _execute
    return self.cursor.execute(sql, params)
  File "C:\Users\msi\AppData\Roaming\Python\Python38\site-packages\django\db\backends\sqlite3\base.py", line 423, in execute
    return Database.Cursor.execute(self, query, params)
django.db.utils.OperationalError: database is locked

During handling of the above exception, another exception occurred:

Traceback (most recent call last):
  File "C:\Users\msi\AppData\Roaming\Python\Python38\site-packages\django\contrib\sessions\middleware.py", line 61, in process_response
    request.session.save()
  File "C:\Users\msi\AppData\Roaming\Python\Python38\site-packages\django\contrib\sessions\backends\db.py", line 94, in save
    raise UpdateError
django.contrib.sessions.backends.base.UpdateError

During handling of the above exception, another exception occurred:

Traceback (most recent call last):
  File "C:\Users\msi\AppData\Roaming\Python\Python38\site-packages\django\core\handlers\exception.py", line 47, in inner
    response = get_response(request)
  File "C:\Users\msi\AppData\Roaming\Python\Python38\site-packages\django\utils\deprecation.py", line 119, in __call__
    response = self.process_response(request, response)
  File "C:\Users\msi\AppData\Roaming\Python\Python38\site-packages\django\contrib\sessions\middleware.py", line 63, in process_response
    raise SessionInterrupted(
django.contrib.sessions.exceptions.SessionInterrupted: The request's session was deleted before the request completed. The user may have logged out in a concurrent request, for example.
WARNING 2022-01-07 22:44:32,214 "GET / HTTP/1.1" 400 170320
INFO 2022-01-07 22:45:16,018 Watching for file changes with StatReloader
WARNING 2022-01-07 22:45:25,273 The request's session was deleted before the request completed. The user may have logged out in a concurrent request, for example.: /
Traceback (most recent call last):
  File "C:\Users\msi\AppData\Roaming\Python\Python38\site-packages\django\db\backends\utils.py", line 84, in _execute
    return self.cursor.execute(sql, params)
  File "C:\Users\msi\AppData\Roaming\Python\Python38\site-packages\django\db\backends\sqlite3\base.py", line 423, in execute
    return Database.Cursor.execute(self, query, params)
sqlite3.OperationalError: database is locked

The above exception was the direct cause of the following exception:

Traceback (most recent call last):
  File "C:\Users\msi\AppData\Roaming\Python\Python38\site-packages\django\contrib\sessions\backends\db.py", line 87, in save
    obj.save(force_insert=must_create, force_update=not must_create, using=using)
  File "C:\Users\msi\AppData\Roaming\Python\Python38\site-packages\django\db\models\base.py", line 726, in save
    self.save_base(using=using, force_insert=force_insert,
  File "C:\Users\msi\AppData\Roaming\Python\Python38\site-packages\django\db\models\base.py", line 763, in save_base
    updated = self._save_table(
  File "C:\Users\msi\AppData\Roaming\Python\Python38\site-packages\django\db\models\base.py", line 845, in _save_table
    updated = self._do_update(base_qs, using, pk_val, values, update_fields,
  File "C:\Users\msi\AppData\Roaming\Python\Python38\site-packages\django\db\models\base.py", line 899, in _do_update
    return filtered._update(values) > 0
  File "C:\Users\msi\AppData\Roaming\Python\Python38\site-packages\django\db\models\query.py", line 802, in _update
    return query.get_compiler(self.db).execute_sql(CURSOR)
  File "C:\Users\msi\AppData\Roaming\Python\Python38\site-packages\django\db\models\sql\compiler.py", line 1559, in execute_sql
    cursor = super().execute_sql(result_type)
  File "C:\Users\msi\AppData\Roaming\Python\Python38\site-packages\django\db\models\sql\compiler.py", line 1175, in execute_sql
    cursor.execute(sql, params)
  File "C:\Users\msi\AppData\Roaming\Python\Python38\site-packages\django\db\backends\utils.py", line 98, in execute
    return super().execute(sql, params)
  File "C:\Users\msi\AppData\Roaming\Python\Python38\site-packages\django\db\backends\utils.py", line 66, in execute
    return self._execute_with_wrappers(sql, params, many=False, executor=self._execute)
  File "C:\Users\msi\AppData\Roaming\Python\Python38\site-packages\django\db\backends\utils.py", line 75, in _execute_with_wrappers
    return executor(sql, params, many, context)
  File "C:\Users\msi\AppData\Roaming\Python\Python38\site-packages\django\db\backends\utils.py", line 84, in _execute
    return self.cursor.execute(sql, params)
  File "C:\Users\msi\AppData\Roaming\Python\Python38\site-packages\django\db\utils.py", line 90, in __exit__
    raise dj_exc_value.with_traceback(traceback) from exc_value
  File "C:\Users\msi\AppData\Roaming\Python\Python38\site-packages\django\db\backends\utils.py", line 84, in _execute
    return self.cursor.execute(sql, params)
  File "C:\Users\msi\AppData\Roaming\Python\Python38\site-packages\django\db\backends\sqlite3\base.py", line 423, in execute
    return Database.Cursor.execute(self, query, params)
django.db.utils.OperationalError: database is locked

During handling of the above exception, another exception occurred:

Traceback (most recent call last):
  File "C:\Users\msi\AppData\Roaming\Python\Python38\site-packages\django\contrib\sessions\middleware.py", line 61, in process_response
    request.session.save()
  File "C:\Users\msi\AppData\Roaming\Python\Python38\site-packages\django\contrib\sessions\backends\db.py", line 94, in save
    raise UpdateError
django.contrib.sessions.backends.base.UpdateError

During handling of the above exception, another exception occurred:

Traceback (most recent call last):
  File "C:\Users\msi\AppData\Roaming\Python\Python38\site-packages\django\core\handlers\exception.py", line 47, in inner
    response = get_response(request)
  File "C:\Users\msi\AppData\Roaming\Python\Python38\site-packages\django\utils\deprecation.py", line 119, in __call__
    response = self.process_response(request, response)
  File "C:\Users\msi\AppData\Roaming\Python\Python38\site-packages\django\contrib\sessions\middleware.py", line 63, in process_response
    raise SessionInterrupted(
django.contrib.sessions.exceptions.SessionInterrupted: The request's session was deleted before the request completed. The user may have logged out in a concurrent request, for example.
WARNING 2022-01-07 22:45:25,276 "GET / HTTP/1.1" 400 170457
INFO 2022-01-07 22:45:54,293 "GET / HTTP/1.1" 200 9298
INFO 2022-01-07 22:45:54,320 "GET /static/plugins/fontawesome-free/css/all.min.css HTTP/1.1" 304 0
INFO 2022-01-07 22:45:54,321 "GET /static/plugins/toastr/toastr.min.css HTTP/1.1" 304 0
INFO 2022-01-07 22:45:54,327 "GET /static/plugins/Datatables/datatables.min.css HTTP/1.1" 304 0
INFO 2022-01-07 22:45:54,327 "GET /static/dist/js/jquery.formset.js HTTP/1.1" 304 0
INFO 2022-01-07 22:45:54,327 "GET /static/dist/css/adminlte.min.css HTTP/1.1" 304 0
INFO 2022-01-07 22:45:54,328 "GET /static/plugins/bootstrap/js/bootstrap.bundle.min.js HTTP/1.1" 304 0
INFO 2022-01-07 22:45:54,328 "GET /static/plugins/jquery/jquery.min.js HTTP/1.1" 304 0
INFO 2022-01-07 22:45:54,328 "GET /static/plugins/overlayScrollbars/css/OverlayScrollbars.min.css HTTP/1.1" 304 0
INFO 2022-01-07 22:45:54,331 "GET /static/plugins/toastr/toastr.min.js HTTP/1.1" 304 0
INFO 2022-01-07 22:45:54,333 "GET /static/plugins/Datatables/datatables.min.js HTTP/1.1" 304 0
INFO 2022-01-07 22:45:54,333 "GET /static/dist/js/adminlte.js HTTP/1.1" 304 0
INFO 2022-01-07 22:45:54,334 "GET /static/dist/js/demo.js HTTP/1.1" 304 0
INFO 2022-01-07 22:45:54,334 "GET /static/plugins/overlayScrollbars/js/jquery.overlayScrollbars.min.js HTTP/1.1" 304 0
INFO 2022-01-07 22:45:54,376 "GET /static/plugins/fontawesome-free/webfonts/fa-regular-400.woff2 HTTP/1.1" 304 0
INFO 2022-01-07 22:45:54,376 "GET /static/plugins/fontawesome-free/webfonts/fa-solid-900.woff2 HTTP/1.1" 304 0
INFO 2022-01-07 22:45:57,552 "GET /site-config HTTP/1.1" 200 10873
INFO 2022-01-07 22:46:02,685 "GET /session/list/ HTTP/1.1" 200 11606
INFO 2022-01-07 22:46:14,111 "POST /session/create/ HTTP/1.1" 302 0
INFO 2022-01-07 22:46:14,236 "GET /session/list/ HTTP/1.1" 200 12094
INFO 2022-01-07 22:46:18,694 "GET /student/list HTTP/1.1" 200 9954
INFO 2022-01-07 22:46:27,103 "GET /accounts/logout/ HTTP/1.1" 302 0
INFO 2022-01-07 22:46:27,117 "GET / HTTP/1.1" 302 0
INFO 2022-01-07 22:46:27,127 "GET /accounts/login/?next=/ HTTP/1.1" 200 3989
INFO 2022-01-07 22:46:27,156 "GET /static/dist/css/login-page.css HTTP/1.1" 304 0
INFO 2022-01-07 22:46:27,159 "GET /static/dist/img/login.png HTTP/1.1" 304 0
INFO 2022-01-07 22:51:05,109 "GET /accounts/login/?next=/ HTTP/1.1" 200 3989
INFO 2022-01-07 22:51:05,134 "GET /static/plugins/fontawesome-free/css/all.min.css HTTP/1.1" 304 0
INFO 2022-01-07 22:51:05,141 "GET /static/plugins/overlayScrollbars/css/OverlayScrollbars.min.css HTTP/1.1" 304 0
INFO 2022-01-07 22:51:05,142 "GET /static/plugins/toastr/toastr.min.css HTTP/1.1" 304 0
INFO 2022-01-07 22:51:05,143 "GET /static/dist/css/adminlte.min.css HTTP/1.1" 304 0
INFO 2022-01-07 22:51:05,144 "GET /static/dist/css/login-page.css HTTP/1.1" 304 0
INFO 2022-01-07 22:51:05,147 "GET /static/plugins/jquery/jquery.min.js HTTP/1.1" 304 0
INFO 2022-01-07 22:51:05,153 "GET /static/plugins/bootstrap/js/bootstrap.bundle.min.js HTTP/1.1" 304 0
INFO 2022-01-07 22:51:05,154 "GET /static/dist/js/jquery.formset.js HTTP/1.1" 304 0
INFO 2022-01-07 22:51:05,154 "GET /static/plugins/toastr/toastr.min.js HTTP/1.1" 304 0
INFO 2022-01-07 22:51:05,155 "GET /static/plugins/overlayScrollbars/js/jquery.overlayScrollbars.min.js HTTP/1.1" 304 0
INFO 2022-01-07 22:51:05,155 "GET /static/dist/js/adminlte.js HTTP/1.1" 304 0
INFO 2022-01-07 22:51:05,157 "GET /static/dist/js/demo.js HTTP/1.1" 304 0
INFO 2022-01-07 22:51:05,158 "GET /static/dist/img/login.png HTTP/1.1" 304 0
INFO 2022-01-07 22:51:05,241 "GET /static/plugins/fontawesome-free/webfonts/fa-solid-900.woff2 HTTP/1.1" 304 0
INFO 2022-01-07 22:51:05,901 "GET /accounts/login/?next=/ HTTP/1.1" 200 3989
INFO 2022-01-07 22:51:06,473 "GET /accounts/login/?next=/ HTTP/1.1" 200 3989
INFO 2022-01-07 22:55:09,674 Watching for file changes with StatReloader
INFO 2022-01-07 22:56:08,897 Watching for file changes with StatReloader
INFO 2022-01-07 22:56:20,757 "GET / HTTP/1.1" 302 0
INFO 2022-01-07 22:56:20,785 "GET /accounts/login/?next=/ HTTP/1.1" 200 3989
INFO 2022-01-07 22:56:20,863 "GET /static/plugins/fontawesome-free/css/all.min.css HTTP/1.1" 200 58582
INFO 2022-01-07 22:56:20,876 "GET /static/plugins/jquery/jquery.min.js HTTP/1.1" 200 88147
INFO 2022-01-07 22:56:20,902 "GET /static/plugins/bootstrap/js/bootstrap.bundle.min.js HTTP/1.1" 200 80704
INFO 2022-01-07 22:56:20,912 "GET /static/dist/js/jquery.formset.js HTTP/1.1" 200 13881
INFO 2022-01-07 22:56:20,930 "GET /static/plugins/toastr/toastr.min.js HTTP/1.1" 200 5253
INFO 2022-01-07 22:56:20,931 "GET /static/plugins/overlayScrollbars/css/OverlayScrollbars.min.css HTTP/1.1" 200 19736
INFO 2022-01-07 22:56:20,939 "GET /static/plugins/toastr/toastr.min.css HTTP/1.1" 200 6454
INFO 2022-01-07 22:56:20,941 "GET /static/dist/js/demo.js HTTP/1.1" 200 13042
INFO 2022-01-07 22:56:20,941 "GET /static/plugins/overlayScrollbars/js/jquery.overlayScrollbars.min.js HTTP/1.1" 200 42395
INFO 2022-01-07 22:56:20,946 "GET /static/dist/css/login-page.css HTTP/1.1" 200 9064
INFO 2022-01-07 22:56:20,957 "GET /static/dist/img/login.png HTTP/1.1" 200 445475
INFO 2022-01-07 22:56:20,966 "GET /static/dist/js/adminlte.js HTTP/1.1" 200 59416
INFO 2022-01-07 22:56:20,974 "GET /static/dist/css/adminlte.min.css HTTP/1.1" 200 686718
INFO 2022-01-07 22:56:21,406 "GET /static/plugins/fontawesome-free/webfonts/fa-solid-900.woff2 HTTP/1.1" 200 79444
INFO 2022-01-07 22:56:37,184 "POST /accounts/login/ HTTP/1.1" 302 0
INFO 2022-01-07 22:56:37,309 "GET / HTTP/1.1" 200 9298
INFO 2022-01-07 22:56:37,340 "GET /static/plugins/Datatables/datatables.min.css HTTP/1.1" 200 25807
INFO 2022-01-07 22:56:37,368 "GET /static/plugins/Datatables/datatables.min.js HTTP/1.1" 200 2042927
INFO 2022-01-07 22:56:37,421 "GET /static/plugins/fontawesome-free/webfonts/fa-regular-400.woff2 HTTP/1.1" 200 13584
INFO 2022-01-07 22:56:47,884 "GET /site-config HTTP/1.1" 200 10873
INFO 2022-01-07 22:56:53,969 "GET /session/list/ HTTP/1.1" 200 11949
INFO 2022-01-07 22:57:06,893 "POST /session/create/ HTTP/1.1" 302 0
INFO 2022-01-07 22:57:07,036 "GET /session/list/ HTTP/1.1" 200 12437
INFO 2022-01-07 22:57:14,603 "GET /term/list/ HTTP/1.1" 200 12239
INFO 2022-01-07 22:57:19,260 "GET /subject/list/ HTTP/1.1" 200 11405
INFO 2022-01-07 22:57:33,069 "POST /subject/create/ HTTP/1.1" 302 0
INFO 2022-01-07 22:57:33,219 "GET /subject/list/ HTTP/1.1" 200 11835
INFO 2022-01-07 22:57:42,411 "POST /subject/create/ HTTP/1.1" 302 0
INFO 2022-01-07 22:57:42,544 "GET /subject/list/ HTTP/1.1" 200 12122
INFO 2022-01-07 22:57:45,487 "GET /subject/4/delete/ HTTP/1.1" 200 9997
INFO 2022-01-07 22:57:47,136 "POST /subject/4/delete/ HTTP/1.1" 302 0
INFO 2022-01-07 22:57:47,253 "GET /subject/list/ HTTP/1.1" 200 11873
INFO 2022-01-07 22:57:54,361 "GET /class/list/ HTTP/1.1" 200 11418
INFO 2022-01-07 22:58:10,004 "POST /class/create/ HTTP/1.1" 302 0
INFO 2022-01-07 22:58:10,120 "GET /class/list/ HTTP/1.1" 200 11844
INFO 2022-01-07 22:58:21,478 "GET /student/list HTTP/1.1" 200 9954
INFO 2022-01-07 22:58:25,570 "GET /student/create/ HTTP/1.1" 200 13660
INFO 2022-01-07 22:59:46,572 "POST /student/create/ HTTP/1.1" 302 0
INFO 2022-01-07 22:59:46,732 "GET /student/1/ HTTP/1.1" 200 11314
INFO 2022-01-07 22:59:46,757 "GET /static/plugins/fontawesome-free/css/all.min.css HTTP/1.1" 304 0
INFO 2022-01-07 22:59:46,758 "GET /static/plugins/toastr/toastr.min.css HTTP/1.1" 304 0
INFO 2022-01-07 22:59:46,758 "GET /static/plugins/overlayScrollbars/css/OverlayScrollbars.min.css HTTP/1.1" 304 0
INFO 2022-01-07 22:59:46,759 "GET /static/plugins/Datatables/datatables.min.css HTTP/1.1" 304 0
INFO 2022-01-07 22:59:46,759 "GET /static/dist/css/adminlte.min.css HTTP/1.1" 304 0
INFO 2022-01-07 22:59:46,760 "GET /static/plugins/jquery/jquery.min.js HTTP/1.1" 304 0
INFO 2022-01-07 22:59:46,767 "GET /static/dist/js/demo.js HTTP/1.1" 304 0
INFO 2022-01-07 22:59:46,767 "GET /static/plugins/toastr/toastr.min.js HTTP/1.1" 304 0
INFO 2022-01-07 22:59:46,768 "GET /static/dist/js/jquery.formset.js HTTP/1.1" 304 0
INFO 2022-01-07 22:59:46,768 "GET /static/plugins/bootstrap/js/bootstrap.bundle.min.js HTTP/1.1" 304 0
INFO 2022-01-07 22:59:46,769 "GET /static/plugins/overlayScrollbars/js/jquery.overlayScrollbars.min.js HTTP/1.1" 304 0
INFO 2022-01-07 22:59:46,769 "GET /static/dist/js/adminlte.js HTTP/1.1" 304 0
INFO 2022-01-07 22:59:46,776 "GET /static/plugins/Datatables/datatables.min.js HTTP/1.1" 304 0
INFO 2022-01-07 22:59:46,889 "GET /media/students/passports/projectworlds.png HTTP/1.1" 200 13585
INFO 2022-01-07 23:00:00,782 "GET /student/1/update/ HTTP/1.1" 200 13963
INFO 2022-01-07 23:00:04,922 "GET /student/list HTTP/1.1" 200 9954
INFO 2022-01-07 23:00:06,989 "GET /student/upload/ HTTP/1.1" 200 10009
INFO 2022-01-07 23:00:14,256 "GET /student/download-csv/ HTTP/1.1" 200 94
INFO 2022-01-07 23:02:33,819 "POST /student/upload/ HTTP/1.1" 302 0
INFO 2022-01-07 23:02:34,036 "GET /student/list HTTP/1.1" 200 10099
INFO 2022-01-07 23:02:39,461 "GET /student/list HTTP/1.1" 200 9954
INFO 2022-01-07 23:02:39,751 "GET /static/plugins/toastr/toastr.min.css HTTP/1.1" 304 0
INFO 2022-01-07 23:02:39,752 "GET /static/plugins/fontawesome-free/css/all.min.css HTTP/1.1" 304 0
INFO 2022-01-07 23:02:39,759 "GET /static/plugins/Datatables/datatables.min.css HTTP/1.1" 304 0
INFO 2022-01-07 23:02:39,759 "GET /static/plugins/overlayScrollbars/css/OverlayScrollbars.min.css HTTP/1.1" 304 0
INFO 2022-01-07 23:02:39,775 "GET /static/dist/css/adminlte.min.css HTTP/1.1" 304 0
INFO 2022-01-07 23:02:39,778 "GET /static/plugins/jquery/jquery.min.js HTTP/1.1" 304 0
INFO 2022-01-07 23:02:39,782 "GET /static/plugins/bootstrap/js/bootstrap.bundle.min.js HTTP/1.1" 304 0
INFO 2022-01-07 23:02:39,783 "GET /static/plugins/toastr/toastr.min.js HTTP/1.1" 304 0
INFO 2022-01-07 23:02:39,784 "GET /static/dist/js/jquery.formset.js HTTP/1.1" 304 0
INFO 2022-01-07 23:02:39,789 "GET /static/plugins/overlayScrollbars/js/jquery.overlayScrollbars.min.js HTTP/1.1" 304 0
INFO 2022-01-07 23:02:39,793 "GET /static/dist/js/adminlte.js HTTP/1.1" 304 0
INFO 2022-01-07 23:02:39,795 "GET /static/dist/js/demo.js HTTP/1.1" 304 0
INFO 2022-01-07 23:02:39,795 "GET /static/plugins/Datatables/datatables.min.js HTTP/1.1" 304 0
INFO 2022-01-07 23:02:49,228 "GET /student/create/ HTTP/1.1" 200 13695
INFO 2022-01-07 23:03:24,013 "POST /student/create/ HTTP/1.1" 200 13887
INFO 2022-01-07 23:03:30,756 "POST /student/create/ HTTP/1.1" 302 0
INFO 2022-01-07 23:03:31,004 "GET /student/3/ HTTP/1.1" 200 11297
INFO 2022-01-07 23:03:31,095 "GET /static/dist/img/avatar.png HTTP/1.1" 200 8543
INFO 2022-01-07 23:03:34,773 "GET /student/3/update/ HTTP/1.1" 200 13766
INFO 2022-01-07 23:03:42,330 "POST /student/3/update/ HTTP/1.1" 302 0
INFO 2022-01-07 23:03:42,764 "GET /student/3/ HTTP/1.1" 200 11298
INFO 2022-01-07 23:03:46,159 "GET /student/list HTTP/1.1" 200 9954
INFO 2022-01-07 23:05:04,576 "GET /student/list HTTP/1.1" 200 9954
INFO 2022-01-07 23:05:08,969 "GET / HTTP/1.1" 200 9298
INFO 2022-01-07 23:05:15,950 "GET /finance/list/ HTTP/1.1" 200 9933
INFO 2022-01-07 23:05:19,684 "GET /finance/create/ HTTP/1.1" 200 13686
INFO 2022-01-07 23:06:47,475 "POST /finance/create/ HTTP/1.1" 302 0
INFO 2022-01-07 23:06:47,633 "GET /finance/list HTTP/1.1" 301 0
INFO 2022-01-07 23:06:47,799 "GET /finance/list/ HTTP/1.1" 200 10353
INFO 2022-01-07 23:06:47,845 "GET /static/plugins/fontawesome-free/css/all.min.css HTTP/1.1" 304 0
INFO 2022-01-07 23:06:47,848 "GET /static/plugins/overlayScrollbars/css/OverlayScrollbars.min.css HTTP/1.1" 304 0
INFO 2022-01-07 23:06:47,849 "GET /static/plugins/toastr/toastr.min.css HTTP/1.1" 304 0
INFO 2022-01-07 23:06:47,857 "GET /static/plugins/Datatables/datatables.min.css HTTP/1.1" 304 0
INFO 2022-01-07 23:06:47,858 "GET /static/dist/css/adminlte.min.css HTTP/1.1" 304 0
INFO 2022-01-07 23:06:47,863 "GET /static/plugins/jquery/jquery.min.js HTTP/1.1" 304 0
INFO 2022-01-07 23:06:47,866 "GET /static/dist/js/jquery.formset.js HTTP/1.1" 304 0
INFO 2022-01-07 23:06:47,871 "GET /static/plugins/bootstrap/js/bootstrap.bundle.min.js HTTP/1.1" 304 0
INFO 2022-01-07 23:06:47,872 "GET /static/plugins/toastr/toastr.min.js HTTP/1.1" 304 0
INFO 2022-01-07 23:06:47,872 "GET /static/plugins/overlayScrollbars/js/jquery.overlayScrollbars.min.js HTTP/1.1" 304 0
INFO 2022-01-07 23:06:47,873 "GET /static/dist/js/demo.js HTTP/1.1" 304 0
INFO 2022-01-07 23:06:47,874 "GET /static/dist/js/adminlte.js HTTP/1.1" 304 0
INFO 2022-01-07 23:06:47,877 "GET /static/plugins/Datatables/datatables.min.js HTTP/1.1" 304 0
INFO 2022-01-07 23:06:55,626 "GET /finance/create/ HTTP/1.1" 200 13686
INFO 2022-01-07 23:06:59,977 "GET /finance/list/ HTTP/1.1" 200 10353
INFO 2022-01-07 23:07:04,048 - Broken pipe from ('127.0.0.1', 55028)

INFO 2022-01-07 23:07:04,220 "GET /finance/receipt/create?invoice=1 HTTP/1.1" 200 10851
INFO 2022-01-07 23:07:18,913 "POST /finance/receipt/create?invoice=1 HTTP/1.1" 302 0
INFO 2022-01-07 23:07:19,205 "GET /finance/list/ HTTP/1.1" 200 10355
INFO 2022-01-07 23:07:26,524 "GET /staff/list/ HTTP/1.1" 200 9695
INFO 2022-01-07 23:07:31,146 "GET /staff/create/ HTTP/1.1" 200 12608
INFO 2022-01-07 23:07:40,463 "GET /result/view/all HTTP/1.1" 200 8842
INFO 2022-01-07 23:07:48,213 "GET /result/create/ HTTP/1.1" 200 10923
INFO 2022-01-07 23:07:59,394 "POST /result/create/ HTTP/1.1" 200 11146
INFO 2022-01-07 23:08:10,904 "POST /result/create/ HTTP/1.1" 302 0
INFO 2022-01-07 23:08:11,417 "GET /result/edit-results/ HTTP/1.1" 200 12057
INFO 2022-01-07 23:08:44,225 "POST /result/edit-results/ HTTP/1.1" 302 0
INFO 2022-01-07 23:08:44,681 "GET /result/edit-results/ HTTP/1.1" 200 12212
INFO 2022-01-07 23:08:52,092 "GET /result/view/all HTTP/1.1" 200 10295
INFO 2022-01-07 23:09:01,934 "GET /result/create/ HTTP/1.1" 200 10923
INFO 2022-01-07 23:09:09,356 "GET /result/view/all HTTP/1.1" 200 10295
INFO 2022-01-07 23:09:14,933 "GET /result/edit-results/ HTTP/1.1" 200 12069
INFO 2022-01-07 23:09:25,474 "POST /result/edit-results/ HTTP/1.1" 302 0
INFO 2022-01-07 23:09:26,075 "GET /result/edit-results/ HTTP/1.1" 200 12212
INFO 2022-01-07 23:09:30,424 "GET /result/view/all HTTP/1.1" 200 10295
INFO 2022-01-07 23:09:39,427 "GET / HTTP/1.1" 200 9298
INFO 2022-01-07 23:09:46,083 "GET /finance/list/ HTTP/1.1" 200 10355
INFO 2022-01-07 23:09:51,257 "GET /finance/1/detail/ HTTP/1.1" 200 11415
INFO 2022-06-26 21:55:08,190 Watching for file changes with StatReloader
INFO 2022-06-26 21:55:16,465 "GET / HTTP/1.1" 302 0
INFO 2022-06-26 21:55:16,494 "GET /accounts/login/?next=/ HTTP/1.1" 200 3989
INFO 2022-06-26 21:55:16,583 "GET /static/plugins/fontawesome-free/css/all.min.css HTTP/1.1" 200 58582
INFO 2022-06-26 21:55:16,590 "GET /static/plugins/toastr/toastr.min.css HTTP/1.1" 200 6454
INFO 2022-06-26 21:55:16,592 "GET /static/plugins/overlayScrollbars/css/OverlayScrollbars.min.css HTTP/1.1" 200 19736
INFO 2022-06-26 21:55:16,592 "GET /static/dist/css/login-page.css HTTP/1.1" 200 9064
INFO 2022-06-26 21:55:16,595 "GET /static/dist/js/jquery.formset.js HTTP/1.1" 200 13881
INFO 2022-06-26 21:55:16,598 "GET /static/plugins/jquery/jquery.min.js HTTP/1.1" 200 88147
INFO 2022-06-26 21:55:16,601 "GET /static/plugins/toastr/toastr.min.js HTTP/1.1" 200 5253
INFO 2022-06-26 21:55:16,602 "GET /static/plugins/overlayScrollbars/js/jquery.overlayScrollbars.min.js HTTP/1.1" 200 42395
INFO 2022-06-26 21:55:16,602 "GET /static/plugins/bootstrap/js/bootstrap.bundle.min.js HTTP/1.1" 200 80704
INFO 2022-06-26 21:55:16,604 "GET /static/dist/img/login.png HTTP/1.1" 200 445475
INFO 2022-06-26 21:55:16,614 "GET /static/dist/css/adminlte.min.css HTTP/1.1" 200 686718
INFO 2022-06-26 21:55:16,615 "GET /static/dist/js/adminlte.js HTTP/1.1" 200 59416
INFO 2022-06-26 21:55:16,629 "GET /static/dist/js/demo.js HTTP/1.1" 200 13042
INFO 2022-06-26 21:55:17,369 "GET / HTTP/1.1" 302 0
INFO 2022-06-26 21:55:17,384 "GET /accounts/login/?next=/ HTTP/1.1" 200 3989
INFO 2022-06-26 21:55:17,656 "GET /static/plugins/fontawesome-free/webfonts/fa-solid-900.woff2 HTTP/1.1" 200 79444
WARNING 2022-06-26 21:55:17,742 Not Found: /favicon.ico
WARNING 2022-06-26 21:55:17,743 "GET /favicon.ico HTTP/1.1" 404 6202
INFO 2022-06-26 21:55:36,293 "POST /accounts/login/ HTTP/1.1" 302 0
INFO 2022-06-26 21:55:36,341 "GET / HTTP/1.1" 200 9298
INFO 2022-06-26 21:55:36,368 "GET /static/plugins/Datatables/datatables.min.css HTTP/1.1" 200 25807
INFO 2022-06-26 21:55:36,385 "GET /static/plugins/Datatables/datatables.min.js HTTP/1.1" 200 2042927
INFO 2022-06-26 21:55:36,472 "GET /static/plugins/fontawesome-free/webfonts/fa-regular-400.woff2 HTTP/1.1" 200 13584
INFO 2022-06-26 21:55:52,184 "GET /student/list HTTP/1.1" 200 9954
INFO 2022-06-26 21:55:52,205 "GET /static/plugins/fontawesome-free/css/all.min.css HTTP/1.1" 304 0
INFO 2022-06-26 21:55:52,208 "GET /static/plugins/toastr/toastr.min.css HTTP/1.1" 304 0
INFO 2022-06-26 21:55:52,211 "GET /static/plugins/overlayScrollbars/css/OverlayScrollbars.min.css HTTP/1.1" 304 0
INFO 2022-06-26 21:55:52,215 "GET /static/dist/css/adminlte.min.css HTTP/1.1" 304 0
INFO 2022-06-26 21:55:52,226 "GET /static/dist/js/jquery.formset.js HTTP/1.1" 304 0
INFO 2022-06-26 21:55:52,226 "GET /static/plugins/toastr/toastr.min.js HTTP/1.1" 304 0
INFO 2022-06-26 21:55:52,227 "GET /static/dist/js/adminlte.js HTTP/1.1" 304 0
INFO 2022-06-26 21:55:52,227 "GET /static/plugins/bootstrap/js/bootstrap.bundle.min.js HTTP/1.1" 304 0
INFO 2022-06-26 21:55:52,228 "GET /static/plugins/overlayScrollbars/js/jquery.overlayScrollbars.min.js HTTP/1.1" 304 0
INFO 2022-06-26 21:55:52,229 "GET /static/plugins/jquery/jquery.min.js HTTP/1.1" 304 0
INFO 2022-06-26 21:55:52,229 "GET /static/dist/js/demo.js HTTP/1.1" 304 0
INFO 2022-06-26 21:55:52,262 "GET /static/plugins/fontawesome-free/webfonts/fa-solid-900.woff2 HTTP/1.1" 304 0
INFO 2022-06-26 21:55:59,276 "GET /staff/list/ HTTP/1.1" 200 9695
INFO 2022-06-26 21:56:02,626 "GET /student/list HTTP/1.1" 200 9954
INFO 2022-06-26 21:56:04,811 "GET /result/create/ HTTP/1.1" 200 10923
INFO 2022-06-26 21:56:10,471 "GET /result/edit-results/ HTTP/1.1" 200 12069
INFO 2022-06-26 21:56:13,026 "GET /result/view/all HTTP/1.1" 200 10295
INFO 2022-06-26 21:56:13,048 "GET /static/plugins/Datatables/datatables.min.css HTTP/1.1" 304 0
INFO 2022-06-26 21:56:13,049 "GET /static/plugins/Datatables/datatables.min.js HTTP/1.1" 304 0
INFO 2022-06-26 21:56:17,981 "GET /session/list/ HTTP/1.1" 200 12292
INFO 2022-06-26 21:56:20,735 "GET /result/edit-results/ HTTP/1.1" 200 12069
INFO 2022-06-26 21:56:22,343 "GET /result/view/all HTTP/1.1" 200 10295
INFO 2022-06-26 21:56:24,109 "GET /student/list HTTP/1.1" 200 9954
INFO 2022-06-26 21:56:26,749 "GET /student/create/ HTTP/1.1" 200 13695
INFO 2022-06-26 21:58:10,269 "POST /student/create/ HTTP/1.1" 302 0
INFO 2022-06-26 21:58:10,328 "GET /student/4/ HTTP/1.1" 200 11285
INFO 2022-06-26 21:58:10,354 "GET /static/plugins/fontawesome-free/css/all.min.css HTTP/1.1" 304 0
INFO 2022-06-26 21:58:10,366 "GET /static/plugins/overlayScrollbars/css/OverlayScrollbars.min.css HTTP/1.1" 304 0
INFO 2022-06-26 21:58:10,369 "GET /static/plugins/toastr/toastr.min.css HTTP/1.1" 304 0
INFO 2022-06-26 21:58:10,375 "GET /static/plugins/Datatables/datatables.min.css HTTP/1.1" 304 0
INFO 2022-06-26 21:58:10,379 "GET /static/dist/css/adminlte.min.css HTTP/1.1" 304 0
INFO 2022-06-26 21:58:10,381 "GET /static/plugins/jquery/jquery.min.js HTTP/1.1" 304 0
INFO 2022-06-26 21:58:10,381 "GET /static/plugins/bootstrap/js/bootstrap.bundle.min.js HTTP/1.1" 304 0
INFO 2022-06-26 21:58:10,384 "GET /static/plugins/toastr/toastr.min.js HTTP/1.1" 304 0
INFO 2022-06-26 21:58:10,391 "GET /static/dist/js/demo.js HTTP/1.1" 304 0
INFO 2022-06-26 21:58:10,392 "GET /static/plugins/overlayScrollbars/js/jquery.overlayScrollbars.min.js HTTP/1.1" 304 0
INFO 2022-06-26 21:58:10,392 "GET /static/dist/js/jquery.formset.js HTTP/1.1" 304 0
INFO 2022-06-26 21:58:10,392 "GET /static/dist/js/adminlte.js HTTP/1.1" 304 0
INFO 2022-06-26 21:58:10,392 "GET /static/plugins/Datatables/datatables.min.js HTTP/1.1" 304 0
INFO 2022-06-26 21:58:10,422 "GET /media/students/passports/avatar3.png HTTP/1.1" 200 9780
INFO 2022-06-26 21:58:30,772 "GET /student/4/update/ HTTP/1.1" 200 13975
INFO 2022-06-26 21:58:37,082 "GET /student/4/ HTTP/1.1" 200 11139
INFO 2022-06-26 21:58:42,823 "GET /student/create/ HTTP/1.1" 200 13695
INFO 2022-06-26 21:58:53,409 "GET /student/create/ HTTP/1.1" 200 13695
INFO 2022-06-26 21:58:58,625 "GET /student/create/ HTTP/1.1" 200 13695
INFO 2022-06-26 21:59:20,373 "GET /staff/list/ HTTP/1.1" 200 9695
INFO 2022-06-26 21:59:20,395 "GET /static/plugins/fontawesome-free/css/all.min.css HTTP/1.1" 304 0
INFO 2022-06-26 21:59:20,402 "GET /static/plugins/overlayScrollbars/css/OverlayScrollbars.min.css HTTP/1.1" 304 0
INFO 2022-06-26 21:59:20,402 "GET /static/plugins/toastr/toastr.min.css HTTP/1.1" 304 0
INFO 2022-06-26 21:59:20,404 "GET /static/plugins/Datatables/datatables.min.css HTTP/1.1" 304 0
INFO 2022-06-26 21:59:20,417 "GET /static/plugins/toastr/toastr.min.js HTTP/1.1" 304 0
INFO 2022-06-26 21:59:20,418 "GET /static/plugins/bootstrap/js/bootstrap.bundle.min.js HTTP/1.1" 304 0
INFO 2022-06-26 21:59:20,421 "GET /static/plugins/overlayScrollbars/js/jquery.overlayScrollbars.min.js HTTP/1.1" 304 0
INFO 2022-06-26 21:59:20,423 "GET /static/dist/css/adminlte.min.css HTTP/1.1" 304 0
INFO 2022-06-26 21:59:20,424 "GET /static/dist/js/jquery.formset.js HTTP/1.1" 304 0
INFO 2022-06-26 21:59:20,425 "GET /static/plugins/Datatables/datatables.min.js HTTP/1.1" 304 0
INFO 2022-06-26 21:59:20,426 "GET /static/dist/js/adminlte.js HTTP/1.1" 304 0
INFO 2022-06-26 21:59:20,427 "GET /static/plugins/jquery/jquery.min.js HTTP/1.1" 304 0
INFO 2022-06-26 21:59:20,427 "GET /static/dist/js/demo.js HTTP/1.1" 304 0
INFO 2022-06-26 21:59:24,797 "GET /staff/create/ HTTP/1.1" 200 12608
INFO 2022-06-26 21:59:53,378 "POST /staff/create/ HTTP/1.1" 302 0
INFO 2022-06-26 21:59:53,428 "GET /staff/1/ HTTP/1.1" 200 10830
INFO 2022-06-26 22:03:15,902 "GET /session/list/ HTTP/1.1" 200 12292
INFO 2022-06-26 22:03:15,952 "GET /static/plugins/fontawesome-free/css/all.min.css HTTP/1.1" 304 0
INFO 2022-06-26 22:03:15,952 "GET /static/plugins/toastr/toastr.min.css HTTP/1.1" 304 0
INFO 2022-06-26 22:03:15,952 "GET /static/dist/css/adminlte.min.css HTTP/1.1" 304 0
INFO 2022-06-26 22:03:15,953 "GET /static/plugins/Datatables/datatables.min.css HTTP/1.1" 304 0
INFO 2022-06-26 22:03:15,953 "GET /static/plugins/overlayScrollbars/css/OverlayScrollbars.min.css HTTP/1.1" 304 0
INFO 2022-06-26 22:03:15,953 "GET /static/plugins/jquery/jquery.min.js HTTP/1.1" 304 0
INFO 2022-06-26 22:03:15,965 "GET /static/dist/js/jquery.formset.js HTTP/1.1" 304 0
INFO 2022-06-26 22:03:15,965 "GET /static/plugins/toastr/toastr.min.js HTTP/1.1" 304 0
INFO 2022-06-26 22:03:15,966 "GET /static/dist/js/adminlte.js HTTP/1.1" 304 0
INFO 2022-06-26 22:03:15,966 "GET /static/plugins/bootstrap/js/bootstrap.bundle.min.js HTTP/1.1" 304 0
INFO 2022-06-26 22:03:15,967 "GET /static/dist/js/demo.js HTTP/1.1" 304 0
INFO 2022-06-26 22:03:15,967 "GET /static/plugins/overlayScrollbars/js/jquery.overlayScrollbars.min.js HTTP/1.1" 304 0
INFO 2022-06-26 22:03:15,967 "GET /static/plugins/Datatables/datatables.min.js HTTP/1.1" 304 0
INFO 2022-06-26 22:03:16,078 "GET /static/plugins/fontawesome-free/webfonts/fa-regular-400.woff2 HTTP/1.1" 304 0
INFO 2022-06-26 22:03:16,079 "GET /static/plugins/fontawesome-free/webfonts/fa-solid-900.woff2 HTTP/1.1" 304 0
INFO 2022-06-26 22:03:33,132 "POST /session/create/ HTTP/1.1" 302 0
INFO 2022-06-26 22:03:33,201 "GET /session/list/ HTTP/1.1" 200 12780
INFO 2022-06-26 22:03:41,895 "GET /term/list/ HTTP/1.1" 200 12239
INFO 2022-06-26 22:03:53,546 "POST /term/create/ HTTP/1.1" 302 0
INFO 2022-06-26 22:03:53,604 "GET /term/list/ HTTP/1.1" 200 12717
INFO 2022-06-26 22:03:58,439 "GET /subject/list/ HTTP/1.1" 200 11690
INFO 2022-06-26 22:04:08,333 "POST /subject/create/ HTTP/1.1" 302 0
INFO 2022-06-26 22:04:08,397 "GET /subject/list/ HTTP/1.1" 200 12115
INFO 2022-06-26 22:04:12,998 "GET /class/list/ HTTP/1.1" 200 11979
INFO 2022-06-26 22:04:17,212 "GET /subject/list/ HTTP/1.1" 200 11970
INFO 2022-06-26 22:04:23,957 "POST /subject/create/ HTTP/1.1" 302 0
INFO 2022-06-26 22:04:24,020 "GET /subject/list/ HTTP/1.1" 200 12399
INFO 2022-06-26 22:04:29,653 "GET /class/list/ HTTP/1.1" 200 11979
INFO 2022-06-26 22:04:41,883 "POST /class/create/ HTTP/1.1" 302 0
INFO 2022-06-26 22:04:41,945 "GET /class/list/ HTTP/1.1" 200 12401
INFO 2022-06-26 22:04:41,968 "GET /static/plugins/fontawesome-free/css/all.min.css HTTP/1.1" 304 0
INFO 2022-06-26 22:04:41,974 "GET /static/plugins/toastr/toastr.min.css HTTP/1.1" 304 0
INFO 2022-06-26 22:04:41,982 "GET /static/plugins/overlayScrollbars/css/OverlayScrollbars.min.css HTTP/1.1" 304 0
INFO 2022-06-26 22:04:41,984 "GET /static/plugins/Datatables/datatables.min.css HTTP/1.1" 304 0
INFO 2022-06-26 22:04:41,987 "GET /static/plugins/bootstrap/js/bootstrap.bundle.min.js HTTP/1.1" 304 0
INFO 2022-06-26 22:04:41,992 "GET /static/plugins/toastr/toastr.min.js HTTP/1.1" 304 0
INFO 2022-06-26 22:04:41,995 "GET /static/dist/css/adminlte.min.css HTTP/1.1" 304 0
INFO 2022-06-26 22:04:41,996 "GET /static/plugins/overlayScrollbars/js/jquery.overlayScrollbars.min.js HTTP/1.1" 304 0
INFO 2022-06-26 22:04:41,997 "GET /static/dist/js/adminlte.js HTTP/1.1" 304 0
INFO 2022-06-26 22:04:41,997 "GET /static/plugins/jquery/jquery.min.js HTTP/1.1" 304 0
INFO 2022-06-26 22:04:41,999 "GET /static/dist/js/demo.js HTTP/1.1" 304 0
INFO 2022-06-26 22:04:42,000 "GET /static/dist/js/jquery.formset.js HTTP/1.1" 304 0
INFO 2022-06-26 22:04:42,000 "GET /static/plugins/Datatables/datatables.min.js HTTP/1.1" 304 0
INFO 2022-06-26 22:04:47,799 "GET /class/5/delete/ HTTP/1.1" 200 9989
INFO 2022-06-26 22:04:49,832 "POST /class/5/delete/ HTTP/1.1" 302 0
INFO 2022-06-26 22:04:49,890 "GET /class/list/ HTTP/1.1" 200 11979
INFO 2022-06-26 22:04:59,458 "POST /class/create/ HTTP/1.1" 302 0
INFO 2022-06-26 22:04:59,523 "GET /class/list/ HTTP/1.1" 200 12402
INFO 2022-06-26 22:05:04,372 "GET /site-config HTTP/1.1" 200 10873
INFO 2022-06-26 22:05:24,764 "POST /site-config HTTP/1.1" 200 10884
INFO 2022-06-26 22:05:26,651 "POST /site-config HTTP/1.1" 200 10884
INFO 2022-06-26 22:05:27,378 "POST /site-config HTTP/1.1" 200 10884
INFO 2022-06-26 22:05:27,945 "POST /site-config HTTP/1.1" 200 10884
INFO 2022-06-26 22:05:28,913 "GET /result/view/all HTTP/1.1" 200 8842
INFO 2022-06-26 22:05:30,102 "GET /site-config HTTP/1.1" 200 10873
INFO 2022-06-26 22:05:35,095 "GET /result/view/all HTTP/1.1" 200 8842
INFO 2022-06-26 22:05:37,695 "GET /result/create/ HTTP/1.1" 200 11102
INFO 2022-06-26 22:05:39,736 "GET /result/create/ HTTP/1.1" 200 11102
INFO 2022-06-26 22:05:56,970 "POST /result/create/ HTTP/1.1" 200 11537
INFO 2022-06-26 22:06:06,330 "POST /result/create/ HTTP/1.1" 302 0
INFO 2022-06-26 22:06:06,460 "GET /result/edit-results/ HTTP/1.1" 200 12057
INFO 2022-06-26 22:06:28,842 "POST /result/edit-results/ HTTP/1.1" 302 0
INFO 2022-06-26 22:06:28,965 "GET /result/edit-results/ HTTP/1.1" 200 12212
INFO 2022-06-26 22:06:28,981 "GET /static/plugins/fontawesome-free/css/all.min.css HTTP/1.1" 304 0
INFO 2022-06-26 22:06:28,984 "GET /static/plugins/toastr/toastr.min.css HTTP/1.1" 304 0
INFO 2022-06-26 22:06:28,994 "GET /static/dist/css/adminlte.min.css HTTP/1.1" 304 0
INFO 2022-06-26 22:06:28,998 "GET /static/plugins/overlayScrollbars/css/OverlayScrollbars.min.css HTTP/1.1" 304 0
INFO 2022-06-26 22:06:28,998 "GET /static/dist/js/jquery.formset.js HTTP/1.1" 304 0
INFO 2022-06-26 22:06:29,005 "GET /static/plugins/Datatables/datatables.min.css HTTP/1.1" 304 0
INFO 2022-06-26 22:06:29,007 "GET /static/plugins/toastr/toastr.min.js HTTP/1.1" 304 0
INFO 2022-06-26 22:06:29,011 "GET /static/plugins/jquery/jquery.min.js HTTP/1.1" 304 0
INFO 2022-06-26 22:06:29,012 "GET /static/plugins/bootstrap/js/bootstrap.bundle.min.js HTTP/1.1" 304 0
INFO 2022-06-26 22:06:29,015 "GET /static/dist/js/adminlte.js HTTP/1.1" 304 0
INFO 2022-06-26 22:06:29,017 "GET /static/plugins/overlayScrollbars/js/jquery.overlayScrollbars.min.js HTTP/1.1" 304 0
INFO 2022-06-26 22:06:29,017 "GET /static/dist/js/demo.js HTTP/1.1" 304 0
INFO 2022-06-26 22:06:29,018 "GET /static/plugins/Datatables/datatables.min.js HTTP/1.1" 304 0
INFO 2022-06-26 22:06:32,984 "POST /result/edit-results/ HTTP/1.1" 302 0
INFO 2022-06-26 22:06:33,136 "GET /result/edit-results/ HTTP/1.1" 200 12212
INFO 2022-06-26 22:06:36,641 "GET /result/edit-results/ HTTP/1.1" 200 12069
INFO 2022-06-26 22:06:47,114 "POST /result/edit-results/ HTTP/1.1" 302 0
INFO 2022-06-26 22:06:47,283 "POST /result/edit-results/ HTTP/1.1" 302 0
INFO 2022-06-26 22:06:47,334 - Broken pipe from ('127.0.0.1', 52726)

INFO 2022-06-26 22:06:47,472 "POST /result/edit-results/ HTTP/1.1" 302 0
INFO 2022-06-26 22:06:47,485 - Broken pipe from ('127.0.0.1', 52727)

INFO 2022-06-26 22:06:47,608 "GET /result/edit-results/ HTTP/1.1" 200 12486
INFO 2022-06-26 22:07:11,771 "GET /result/edit-results/ HTTP/1.1" 200 12069
INFO 2022-06-26 22:07:15,474 "GET /result/create/ HTTP/1.1" 200 11102
INFO 2022-06-26 22:07:18,299 "POST /result/create/ HTTP/1.1" 200 11537
INFO 2022-06-26 22:07:21,612 "GET /result/create/ HTTP/1.1" 200 11102
INFO 2022-06-26 22:07:34,557 "GET /result/create/ HTTP/1.1" 200 11102
INFO 2022-06-26 22:07:39,104 "GET /result/view/all HTTP/1.1" 200 10295
INFO 2022-06-26 22:07:43,998 "GET /result/edit-results/ HTTP/1.1" 200 12069
INFO 2022-06-26 22:07:46,610 "GET /result/create/ HTTP/1.1" 200 11102
INFO 2022-06-26 22:07:50,349 "POST /result/create/ HTTP/1.1" 200 11537
INFO 2022-06-26 22:07:53,775 "POST /result/create/ HTTP/1.1" 302 0
INFO 2022-06-26 22:07:53,946 "GET /result/edit-results/ HTTP/1.1" 200 13350
INFO 2022-06-26 22:08:14,684 "POST /result/edit-results/ HTTP/1.1" 302 0
INFO 2022-06-26 22:08:14,846 "GET /result/edit-results/ HTTP/1.1" 200 13501
INFO 2022-06-26 22:08:14,869 "GET /static/plugins/fontawesome-free/css/all.min.css HTTP/1.1" 304 0
INFO 2022-06-26 22:08:14,880 "GET /static/plugins/overlayScrollbars/css/OverlayScrollbars.min.css HTTP/1.1" 304 0
INFO 2022-06-26 22:08:14,882 "GET /static/plugins/toastr/toastr.min.css HTTP/1.1" 304 0
INFO 2022-06-26 22:08:14,885 "GET /static/plugins/Datatables/datatables.min.css HTTP/1.1" 304 0
INFO 2022-06-26 22:08:14,889 "GET /static/dist/css/adminlte.min.css HTTP/1.1" 304 0
INFO 2022-06-26 22:08:14,890 "GET /static/plugins/bootstrap/js/bootstrap.bundle.min.js HTTP/1.1" 304 0
INFO 2022-06-26 22:08:14,890 "GET /static/plugins/toastr/toastr.min.js HTTP/1.1" 304 0
INFO 2022-06-26 22:08:14,891 "GET /static/plugins/overlayScrollbars/js/jquery.overlayScrollbars.min.js HTTP/1.1" 304 0
INFO 2022-06-26 22:08:14,901 "GET /static/plugins/jquery/jquery.min.js HTTP/1.1" 304 0
INFO 2022-06-26 22:08:14,905 "GET /static/dist/js/adminlte.js HTTP/1.1" 304 0
INFO 2022-06-26 22:08:14,906 "GET /static/dist/js/demo.js HTTP/1.1" 304 0
INFO 2022-06-26 22:08:14,907 "GET /static/plugins/Datatables/datatables.min.js HTTP/1.1" 304 0
INFO 2022-06-26 22:08:14,908 "GET /static/dist/js/jquery.formset.js HTTP/1.1" 304 0
INFO 2022-06-26 22:08:14,949 "GET /static/plugins/fontawesome-free/webfonts/fa-solid-900.woff2 HTTP/1.1" 304 0
INFO 2022-06-26 22:08:14,950 "GET /static/plugins/fontawesome-free/webfonts/fa-regular-400.woff2 HTTP/1.1" 304 0
INFO 2022-06-26 22:08:17,355 "GET /result/edit-results/ HTTP/1.1" 200 13358
INFO 2022-06-26 22:08:19,005 "GET /result/view/all HTTP/1.1" 200 11513
INFO 2022-06-26 22:08:47,320 "GET /result/create/ HTTP/1.1" 200 11102
INFO 2022-06-26 22:08:49,547 "GET /result/edit-results/ HTTP/1.1" 200 13358
INFO 2022-06-26 22:08:51,967 "GET /result/view/all HTTP/1.1" 200 11513
INFO 2022-06-26 22:09:04,809 "GET /result/create/ HTTP/1.1" 200 11102
INFO 2022-06-26 22:09:38,319 "GET /student/list HTTP/1.1" 200 9954
INFO 2022-06-26 22:09:44,443 "GET /student/upload/ HTTP/1.1" 200 10009
INFO 2022-06-26 22:16:28,295 "GET /staff/list/ HTTP/1.1" 200 9903
INFO 2022-06-26 22:16:28,323 "GET /static/plugins/fontawesome-free/css/all.min.css HTTP/1.1" 304 0
INFO 2022-06-26 22:16:28,327 "GET /static/plugins/toastr/toastr.min.css HTTP/1.1" 304 0
INFO 2022-06-26 22:16:28,332 "GET /static/plugins/overlayScrollbars/css/OverlayScrollbars.min.css HTTP/1.1" 304 0
INFO 2022-06-26 22:16:28,333 "GET /static/plugins/Datatables/datatables.min.css HTTP/1.1" 304 0
INFO 2022-06-26 22:16:28,335 "GET /static/dist/css/adminlte.min.css HTTP/1.1" 304 0
INFO 2022-06-26 22:16:28,335 "GET /static/dist/js/jquery.formset.js HTTP/1.1" 304 0
INFO 2022-06-26 22:16:28,336 "GET /static/plugins/jquery/jquery.min.js HTTP/1.1" 304 0
INFO 2022-06-26 22:16:28,336 "GET /static/plugins/bootstrap/js/bootstrap.bundle.min.js HTTP/1.1" 304 0
INFO 2022-06-26 22:16:28,337 "GET /static/plugins/toastr/toastr.min.js HTTP/1.1" 304 0
INFO 2022-06-26 22:16:28,338 "GET /static/plugins/overlayScrollbars/js/jquery.overlayScrollbars.min.js HTTP/1.1" 304 0
INFO 2022-06-26 22:16:28,341 "GET /static/plugins/Datatables/datatables.min.js HTTP/1.1" 304 0
INFO 2022-06-26 22:16:28,341 "GET /static/dist/js/adminlte.js HTTP/1.1" 304 0
INFO 2022-06-26 22:16:28,341 "GET /static/dist/js/demo.js HTTP/1.1" 304 0
INFO 2022-06-26 22:16:28,382 "GET /static/plugins/fontawesome-free/webfonts/fa-solid-900.woff2 HTTP/1.1" 304 0
INFO 2022-06-26 22:16:28,382 "GET /static/plugins/fontawesome-free/webfonts/fa-regular-400.woff2 HTTP/1.1" 304 0
INFO 2022-06-26 22:16:35,303 "GET /staff/create/ HTTP/1.1" 200 12608
INFO 2022-06-26 22:16:38,206 "GET /staff/list/ HTTP/1.1" 200 9903
INFO 2022-06-26 22:16:39,952 "GET /student/list HTTP/1.1" 200 9954
INFO 2022-06-26 22:19:49,794 "GET /student/list HTTP/1.1" 200 9954
INFO 2022-06-26 22:19:49,812 "GET /static/plugins/fontawesome-free/css/all.min.css HTTP/1.1" 304 0
INFO 2022-06-26 22:19:49,820 "GET /static/plugins/overlayScrollbars/css/OverlayScrollbars.min.css HTTP/1.1" 304 0
INFO 2022-06-26 22:19:49,820 "GET /static/plugins/toastr/toastr.min.css HTTP/1.1" 304 0
INFO 2022-06-26 22:19:49,836 "GET /static/dist/css/adminlte.min.css HTTP/1.1" 304 0
INFO 2022-06-26 22:19:49,837 "GET /static/dist/js/jquery.formset.js HTTP/1.1" 304 0
INFO 2022-06-26 22:19:49,837 "GET /static/plugins/Datatables/datatables.min.css HTTP/1.1" 304 0
INFO 2022-06-26 22:19:49,837 "GET /static/plugins/bootstrap/js/bootstrap.bundle.min.js HTTP/1.1" 304 0
INFO 2022-06-26 22:19:49,837 "GET /static/plugins/jquery/jquery.min.js HTTP/1.1" 304 0
INFO 2022-06-26 22:19:49,839 "GET /static/plugins/toastr/toastr.min.js HTTP/1.1" 304 0
INFO 2022-06-26 22:19:49,847 "GET /static/dist/js/demo.js HTTP/1.1" 304 0
INFO 2022-06-26 22:19:49,847 "GET /static/dist/js/adminlte.js HTTP/1.1" 304 0
INFO 2022-06-26 22:19:49,848 "GET /static/plugins/Datatables/datatables.min.js HTTP/1.1" 304 0
INFO 2022-06-26 22:19:49,848 "GET /static/plugins/overlayScrollbars/js/jquery.overlayScrollbars.min.js HTTP/1.1" 304 0
INFO 2022-06-26 22:19:50,733 "GET /student/list HTTP/1.1" 200 9954
INFO 2022-06-26 22:19:54,706 "GET /student/upload/ HTTP/1.1" 200 10009
INFO 2022-06-26 22:19:58,603 "GET /student/download-csv/ HTTP/1.1" 200 94
INFO 2022-06-26 22:20:53,783 "POST /student/upload/ HTTP/1.1" 302 0
INFO 2022-06-26 22:20:53,827 "GET /student/list HTTP/1.1" 200 10099
INFO 2022-06-26 22:21:44,261 "GET /student/create/ HTTP/1.1" 200 13732
INFO 2022-06-26 22:22:25,104 "POST /student/create/ HTTP/1.1" 302 0
INFO 2022-06-26 22:22:25,156 "GET /student/5/ HTTP/1.1" 200 11261
INFO 2022-06-26 22:22:25,187 "GET /static/dist/img/avatar.png HTTP/1.1" 200 8543
INFO 2022-06-26 22:22:31,773 "GET /student/5/update/ HTTP/1.1" 200 13767
INFO 2022-06-26 22:22:50,047 "POST /student/5/update/ HTTP/1.1" 302 0
INFO 2022-06-26 22:22:50,096 "GET /student/5/ HTTP/1.1" 200 11276
INFO 2022-06-26 22:22:50,111 "GET /static/plugins/fontawesome-free/css/all.min.css HTTP/1.1" 304 0
INFO 2022-06-26 22:22:50,119 "GET /static/plugins/toastr/toastr.min.css HTTP/1.1" 304 0
INFO 2022-06-26 22:22:50,124 "GET /static/plugins/overlayScrollbars/css/OverlayScrollbars.min.css HTTP/1.1" 304 0
INFO 2022-06-26 22:22:50,126 "GET /static/dist/css/adminlte.min.css HTTP/1.1" 304 0
INFO 2022-06-26 22:22:50,129 "GET /static/plugins/Datatables/datatables.min.css HTTP/1.1" 304 0
INFO 2022-06-26 22:22:50,130 "GET /static/plugins/jquery/jquery.min.js HTTP/1.1" 304 0
INFO 2022-06-26 22:22:50,136 "GET /static/plugins/toastr/toastr.min.js HTTP/1.1" 304 0
INFO 2022-06-26 22:22:50,138 "GET /static/plugins/bootstrap/js/bootstrap.bundle.min.js HTTP/1.1" 304 0
INFO 2022-06-26 22:22:50,139 "GET /static/plugins/overlayScrollbars/js/jquery.overlayScrollbars.min.js HTTP/1.1" 304 0
INFO 2022-06-26 22:22:50,141 "GET /static/dist/js/jquery.formset.js HTTP/1.1" 304 0
INFO 2022-06-26 22:22:50,146 "GET /static/dist/js/demo.js HTTP/1.1" 304 0
INFO 2022-06-26 22:22:50,147 "GET /static/dist/js/adminlte.js HTTP/1.1" 304 0
INFO 2022-06-26 22:22:50,147 "GET /static/plugins/Datatables/datatables.min.js HTTP/1.1" 304 0
INFO 2022-06-26 22:22:50,174 "GET /media/students/passports/avatar3_vYiGGSF.png HTTP/1.1" 200 9780
INFO 2022-06-26 22:22:54,665 "GET /student/5/update/ HTTP/1.1" 200 14003
INFO 2022-06-26 22:22:59,796 "POST /student/5/update/ HTTP/1.1" 302 0
INFO 2022-06-26 22:22:59,843 "GET /student/5/ HTTP/1.1" 200 11276
INFO 2022-06-26 22:22:59,892 "GET /media/students/passports/avatar3_Zpfv236.png HTTP/1.1" 200 9780
INFO 2022-06-26 22:23:03,633 "GET /student/5/update/ HTTP/1.1" 200 14003
INFO 2022-06-26 22:23:06,055 "GET /student/5/ HTTP/1.1" 200 11133
INFO 2022-06-26 22:23:08,192 "GET /student/create/ HTTP/1.1" 200 13732
INFO 2022-06-26 22:23:09,277 "GET /student/list HTTP/1.1" 200 9954
INFO 2022-06-26 22:23:14,980 "GET /student/upload/ HTTP/1.1" 200 10009
INFO 2022-06-26 22:28:31,596 Watching for file changes with StatReloader
INFO 2022-06-26 22:28:41,722 "GET / HTTP/1.1" 200 9298
INFO 2022-06-26 22:28:41,812 "GET /static/plugins/fontawesome-free/css/all.min.css HTTP/1.1" 304 0
INFO 2022-06-26 22:28:41,816 "GET /static/plugins/toastr/toastr.min.css HTTP/1.1" 304 0
INFO 2022-06-26 22:28:41,817 "GET /static/plugins/overlayScrollbars/css/OverlayScrollbars.min.css HTTP/1.1" 304 0
INFO 2022-06-26 22:28:41,819 "GET /static/plugins/Datatables/datatables.min.css HTTP/1.1" 304 0
INFO 2022-06-26 22:28:41,821 "GET /static/dist/js/jquery.formset.js HTTP/1.1" 304 0
INFO 2022-06-26 22:28:41,821 "GET /static/dist/css/adminlte.min.css HTTP/1.1" 304 0
INFO 2022-06-26 22:28:41,822 "GET /static/plugins/bootstrap/js/bootstrap.bundle.min.js HTTP/1.1" 304 0
INFO 2022-06-26 22:28:41,823 "GET /static/plugins/toastr/toastr.min.js HTTP/1.1" 304 0
INFO 2022-06-26 22:28:41,823 "GET /static/plugins/jquery/jquery.min.js HTTP/1.1" 304 0
INFO 2022-06-26 22:28:41,824 "GET /static/plugins/overlayScrollbars/js/jquery.overlayScrollbars.min.js HTTP/1.1" 304 0
INFO 2022-06-26 22:28:41,824 "GET /static/dist/js/adminlte.js HTTP/1.1" 304 0
INFO 2022-06-26 22:28:41,827 "GET /static/dist/js/demo.js HTTP/1.1" 304 0
INFO 2022-06-26 22:28:41,829 "GET /static/plugins/Datatables/datatables.min.js HTTP/1.1" 304 0
INFO 2022-06-26 22:28:42,825 "GET /static/plugins/fontawesome-free/css/all.min.css HTTP/1.1" 304 0
INFO 2022-06-26 22:28:42,828 "GET /static/plugins/Datatables/datatables.min.css HTTP/1.1" 304 0
INFO 2022-06-26 22:28:42,828 "GET /static/plugins/toastr/toastr.min.css HTTP/1.1" 304 0
INFO 2022-06-26 22:28:42,828 "GET /static/dist/css/adminlte.min.css HTTP/1.1" 304 0
INFO 2022-06-26 22:28:42,828 "GET /static/plugins/jquery/jquery.min.js HTTP/1.1" 304 0
INFO 2022-06-26 22:28:42,830 "GET /static/plugins/overlayScrollbars/css/OverlayScrollbars.min.css HTTP/1.1" 304 0
INFO 2022-06-26 22:28:42,836 "GET /static/dist/js/jquery.formset.js HTTP/1.1" 304 0
INFO 2022-06-26 22:28:42,843 "GET /static/dist/js/adminlte.js HTTP/1.1" 304 0
INFO 2022-06-26 22:28:42,843 "GET /static/plugins/toastr/toastr.min.js HTTP/1.1" 304 0
INFO 2022-06-26 22:28:42,844 "GET /static/plugins/overlayScrollbars/js/jquery.overlayScrollbars.min.js HTTP/1.1" 304 0
INFO 2022-06-26 22:28:42,845 "GET /static/plugins/Datatables/datatables.min.js HTTP/1.1" 304 0
INFO 2022-06-26 22:28:42,845 "GET /static/plugins/bootstrap/js/bootstrap.bundle.min.js HTTP/1.1" 304 0
INFO 2022-06-26 22:28:42,846 "GET /static/dist/js/demo.js HTTP/1.1" 304 0
INFO 2022-06-26 22:28:42,890 "GET /static/plugins/fontawesome-free/webfonts/fa-solid-900.woff2 HTTP/1.1" 304 0
INFO 2022-06-26 22:28:42,891 "GET /static/plugins/fontawesome-free/webfonts/fa-regular-400.woff2 HTTP/1.1" 304 0
INFO 2022-06-26 22:28:45,351 "GET /student/list HTTP/1.1" 200 9954
INFO 2022-06-26 22:28:47,517 "GET /student/create/ HTTP/1.1" 200 13732
INFO 2022-06-26 22:28:53,251 "GET /student/upload/ HTTP/1.1" 200 10009
INFO 2022-06-26 22:38:00,834 "GET /student/upload/ HTTP/1.1" 200 10009
INFO 2022-06-26 22:38:00,854 "GET /static/plugins/toastr/toastr.min.css HTTP/1.1" 304 0
INFO 2022-06-26 22:38:00,854 "GET /static/plugins/fontawesome-free/css/all.min.css HTTP/1.1" 304 0
INFO 2022-06-26 22:38:00,861 "GET /static/plugins/overlayScrollbars/css/OverlayScrollbars.min.css HTTP/1.1" 304 0
INFO 2022-06-26 22:38:00,864 "GET /static/plugins/jquery/jquery.min.js HTTP/1.1" 304 0
INFO 2022-06-26 22:38:00,864 "GET /static/dist/js/jquery.formset.js HTTP/1.1" 304 0
INFO 2022-06-26 22:38:00,865 "GET /static/plugins/toastr/toastr.min.js HTTP/1.1" 304 0
INFO 2022-06-26 22:38:00,867 "GET /static/plugins/Datatables/datatables.min.css HTTP/1.1" 304 0
INFO 2022-06-26 22:38:00,869 "GET /static/dist/css/adminlte.min.css HTTP/1.1" 304 0
INFO 2022-06-26 22:38:00,870 "GET /static/dist/js/demo.js HTTP/1.1" 304 0
INFO 2022-06-26 22:38:00,870 "GET /static/dist/js/adminlte.js HTTP/1.1" 304 0
INFO 2022-06-26 22:38:00,872 "GET /static/plugins/bootstrap/js/bootstrap.bundle.min.js HTTP/1.1" 304 0
INFO 2022-06-26 22:38:00,873 "GET /static/plugins/overlayScrollbars/js/jquery.overlayScrollbars.min.js HTTP/1.1" 304 0
INFO 2022-06-26 22:38:00,873 "GET /static/plugins/Datatables/datatables.min.js HTTP/1.1" 304 0
INFO 2022-06-26 22:38:00,969 "GET /static/plugins/fontawesome-free/webfonts/fa-solid-900.woff2 HTTP/1.1" 304 0
INFO 2022-06-26 22:38:00,969 "GET /static/plugins/fontawesome-free/webfonts/fa-regular-400.woff2 HTTP/1.1" 304 0
INFO 2022-06-26 22:38:45,054 "GET /student/create/ HTTP/1.1" 200 13732
INFO 2022-06-26 22:39:33,938 "POST /student/create/ HTTP/1.1" 302 0
INFO 2022-06-26 22:39:33,970 "GET /student/6/ HTTP/1.1" 200 11293
INFO 2022-06-26 22:39:34,022 "GET /media/students/passports/avatar04.png HTTP/1.1" 200 14037
INFO 2022-06-26 22:39:37,955 "GET /student/delete/6/ HTTP/1.1" 200 9608
INFO 2022-06-26 22:39:42,289 "GET /student/6/ HTTP/1.1" 200 11147
INFO 2022-06-26 22:39:43,693 "GET /student/create/ HTTP/1.1" 200 13732
INFO 2022-06-26 22:39:47,762 "GET /student/upload/ HTTP/1.1" 200 10009
INFO 2022-06-26 22:41:22,165 "GET /result/create/ HTTP/1.1" 200 11458
INFO 2022-06-26 22:41:39,183 "POST /result/create/ HTTP/1.1" 200 11537
INFO 2022-06-26 22:41:42,095 "GET /result/create/ HTTP/1.1" 200 11458
ERROR 2022-06-26 22:42:22,775 Internal Server Error: /student/upload/
Traceback (most recent call last):
  File "C:\Users\KAVYASREE\AppData\Local\Programs\Python\Python38\lib\site-packages\django\core\handlers\exception.py", line 55, in inner
    response = get_response(request)
  File "C:\Users\KAVYASREE\AppData\Local\Programs\Python\Python38\lib\site-packages\django\core\handlers\base.py", line 197, in _get_response
    response = wrapped_callback(request, *callback_args, **callback_kwargs)
  File "C:\Users\KAVYASREE\AppData\Local\Programs\Python\Python38\lib\site-packages\django\views\generic\base.py", line 84, in view
    return self.dispatch(request, *args, **kwargs)
  File "C:\Users\KAVYASREE\AppData\Local\Programs\Python\Python38\lib\site-packages\django\contrib\auth\mixins.py", line 73, in dispatch
    return super().dispatch(request, *args, **kwargs)
  File "C:\Users\KAVYASREE\AppData\Local\Programs\Python\Python38\lib\site-packages\django\views\generic\base.py", line 119, in dispatch
    return handler(request, *args, **kwargs)
  File "C:\Users\KAVYASREE\AppData\Local\Programs\Python\Python38\lib\site-packages\django\views\generic\edit.py", line 184, in post
    return super().post(request, *args, **kwargs)
  File "C:\Users\KAVYASREE\AppData\Local\Programs\Python\Python38\lib\site-packages\django\views\generic\edit.py", line 153, in post
    return self.form_valid(form)
  File "C:\Users\KAVYASREE\AppData\Local\Programs\Python\Python38\lib\site-packages\django\contrib\messages\views.py", line 12, in form_valid
    response = super().form_valid(form)
  File "C:\Users\KAVYASREE\AppData\Local\Programs\Python\Python38\lib\site-packages\django\views\generic\edit.py", line 135, in form_valid
    self.object = form.save()
  File "C:\Users\KAVYASREE\AppData\Local\Programs\Python\Python38\lib\site-packages\django\forms\models.py", line 548, in save
    self.instance.save()
  File "C:\Users\KAVYASREE\AppData\Local\Programs\Python\Python38\lib\site-packages\django\db\models\base.py", line 806, in save
    self.save_base(
  File "C:\Users\KAVYASREE\AppData\Local\Programs\Python\Python38\lib\site-packages\django\db\models\base.py", line 872, in save_base
    post_save.send(
  File "C:\Users\KAVYASREE\AppData\Local\Programs\Python\Python38\lib\site-packages\django\dispatch\dispatcher.py", line 176, in send
    return [
  File "C:\Users\KAVYASREE\AppData\Local\Programs\Python\Python38\lib\site-packages\django\dispatch\dispatcher.py", line 177, in <listcomp>
    (receiver, receiver(signal=self, sender=sender, **named))
  File "C:\django_project\Django-School-Management-System\apps\students\signals.py", line 16, in create_bulk_student
    opened = StringIO(instance.csv_file.read().decode())
UnicodeDecodeError: 'utf-8' codec can't decode byte 0x89 in position 0: invalid start byte
ERROR 2022-06-26 22:42:22,777 "POST /student/upload/ HTTP/1.1" 500 124447
INFO 2022-06-26 22:44:05,027 "GET /result/create/ HTTP/1.1" 200 11438
INFO 2022-06-26 22:44:05,046 "GET /static/plugins/fontawesome-free/css/all.min.css HTTP/1.1" 304 0
INFO 2022-06-26 22:44:05,047 "GET /static/plugins/toastr/toastr.min.css HTTP/1.1" 304 0
INFO 2022-06-26 22:44:05,050 "GET /static/plugins/overlayScrollbars/css/OverlayScrollbars.min.css HTTP/1.1" 304 0
INFO 2022-06-26 22:44:05,055 "GET /static/dist/css/adminlte.min.css HTTP/1.1" 304 0
INFO 2022-06-26 22:44:05,055 "GET /static/plugins/toastr/toastr.min.js HTTP/1.1" 304 0
INFO 2022-06-26 22:44:05,055 "GET /static/plugins/jquery/jquery.min.js HTTP/1.1" 304 0
INFO 2022-06-26 22:44:05,060 "GET /static/dist/js/jquery.formset.js HTTP/1.1" 304 0
INFO 2022-06-26 22:44:05,061 "GET /static/plugins/Datatables/datatables.min.css HTTP/1.1" 304 0
INFO 2022-06-26 22:44:05,064 "GET /static/plugins/bootstrap/js/bootstrap.bundle.min.js HTTP/1.1" 304 0
INFO 2022-06-26 22:44:05,064 "GET /static/dist/js/adminlte.js HTTP/1.1" 304 0
INFO 2022-06-26 22:44:05,065 "GET /static/plugins/overlayScrollbars/js/jquery.overlayScrollbars.min.js HTTP/1.1" 304 0
INFO 2022-06-26 22:44:05,066 "GET /static/dist/js/demo.js HTTP/1.1" 304 0
INFO 2022-06-26 22:44:05,066 "GET /static/plugins/Datatables/datatables.min.js HTTP/1.1" 304 0
INFO 2022-06-26 22:44:05,115 "GET /static/plugins/fontawesome-free/webfonts/fa-regular-400.woff2 HTTP/1.1" 304 0
INFO 2022-06-26 22:44:05,115 "GET /static/plugins/fontawesome-free/webfonts/fa-solid-900.woff2 HTTP/1.1" 304 0
INFO 2022-06-26 22:44:13,664 "GET /finance/list/ HTTP/1.1" 200 10355
